URL: http://logistics.volvo.com 
IP_ADDR: 23.59.88.121 
R_CODE: 200 
--------------------------------------------------
URL: http://www.volvogroup.com/group/global/en-gb/Pages/group_home.aspx 
IP_ADDR: 2.22.52.26 
R_CODE: 200 
--------------------------------------------------
URL: http://httwp://www.volvopenta.com  
ERROR: <urlopen error [Errno 11004] getaddrinfo failed> 
--------------------------------------------------
URL: http://www.volvogroup.com  
IP_ADDR: 2.22.52.26 
R_CODE: 200 
--------------------------------------------------
URL: http://
 
ERROR: <urlopen error no host given> 
--------------------------------------------------
URL: http://www.volvotrucks.com 
IP_ADDR: 2.22.52.41 
R_CODE: 200 
--------------------------------------------------
