*INFO* Starting CWP_Web_Crawler ...


send: 'GET / HTTP/1.1\r\nAccept-Encoding: identity\r\nHost: github.com\r\nConnection: close\r\nUser-Agent: Mozilla/4.0\r\n\r\n'
reply: 'HTTP/1.1 301 Moved Permanently\r\n'
header: Server: GitHub.com
header: Date: Thu, 31 Jan 2013 12:38:51 GMT
header: Content-Type: text/html
header: Content-Length: 178
header: Connection: close
header: Location: https://github.com/
send: 'GET / HTTP/1.1\r\nAccept-Encoding: identity\r\nHost: github.com\r\nConnection: close\r\nUser-Agent: Mozilla/4.0\r\n\r\n'
reply: 'HTTP/1.1 200 OK\r\n'
header: Server: GitHub.com
header: Date: Thu, 31 Jan 2013 12:38:52 GMT
header: Content-Type: text/html; charset=utf-8
header: Connection: close
header: Status: 200 OK
header: Content-Length: 10125
header: X-Frame-Options: deny
header: Strict-Transport-Security: max-age=2592000
header: ETag: "f4ab59dbc4af8fb5bea6554b2bd7f69c"
header: Set-Cookie: logged_in=no; domain=.github.com; path=/; expires=Mon, 31-Jan-2033 12:38:52 GMT
header: Set-Cookie: _gh_sess=BAh7BzoPc2Vzc2lvbl9pZCIlZWMwOTFlYjg2ZjgxNGViYzAyNzkwYWQwZTRlYzVkYjg6EF9jc3JmX3Rva2VuIjFtbk9wQjlZayt2V1lLVW9MbzNxZkVub0k2RnBKOUFKeUQ1bWhVVk5NdnFrPQ%3D%3D--a051dadb5b2c99622b16db81b51f6212155183cd; path=/; expires=Sun, 01-Jan-2023 00:00:00 GMT; secure; HttpOnly
header: Cache-Control: private, max-age=0, must-revalidate
header: X-Runtime: 7
*INFO* ALREADY LOGGED OR INET PAGE
*INFO* -->checking [http://github.com] for errors... [page length: 10125] 
*INFO* no errors noticed

*INFO* >>scraping...
*INFO* -->links_to_follow.append: /plans 
*INFO* -->links_to_follow.append: http://github.com/features 
*INFO* -->links_to_follow.append: http://github.com/explore 
*INFO* -->link_to_follow.length: [3]


*INFO* ------------------->> NEXT <<-------------------
*INFO* >>opening: [/plans] 

send: 'GET /plans HTTP/1.1\r\nAccept-Encoding: identity\r\nHost: github.com\r\nCookie: logged_in=no; _gh_sess=BAh7BzoPc2Vzc2lvbl9pZCIlZWMwOTFlYjg2ZjgxNGViYzAyNzkwYWQwZTRlYzVkYjg6EF9jc3JmX3Rva2VuIjFtbk9wQjlZayt2V1lLVW9MbzNxZkVub0k2RnBKOUFKeUQ1bWhVVk5NdnFrPQ%3D%3D--a051dadb5b2c99622b16db81b51f6212155183cd\r\nConnection: close\r\nUser-Agent: Mozilla/4.0\r\n\r\n'
reply: 'HTTP/1.1 200 OK\r\n'
header: Server: GitHub.com
header: Date: Thu, 31 Jan 2013 12:38:53 GMT
header: Content-Type: text/html; charset=utf-8
header: Connection: close
header: Status: 200 OK
header: Strict-Transport-Security: max-age=2592000
header: Content-Length: 15492
header: ETag: "3c87a61c61c97ebe4dc6ab5f40291d74"
header: X-Runtime: 23
header: Set-Cookie: logged_in=no; domain=.github.com; path=/; expires=Mon, 31-Jan-2033 12:38:53 GMT
header: Set-Cookie: _gh_sess=BAh7BzoQX2NzcmZfdG9rZW4iMW1uT3BCOVlrK3ZXWUtVb0xvM3FmRW5vSTZGcEo5QUp5RDVtaFVWTk12cWs9Og9zZXNzaW9uX2lkIiVlYzA5MWViODZmODE0ZWJjMDI3OTBhZDBlNGVjNWRiOA%3D%3D--c1fda2d11602dfc4f5f266376520560eb9a83940; path=/; expires=Sun, 01-Jan-2023 00:00:00 GMT; secure; HttpOnly
header: X-Frame-Options: deny
header: Cache-Control: private, max-age=0, must-revalidate
*INFO* -->checking [/plans] for errors... [page length: 15492] 
*INFO* no errors noticed

*INFO* >>scraping...
*INFO* -->links_to_follow.append: /signup/free 
*INFO* -->links_to_follow.append: /signup/micro 
*INFO* -->links_to_follow.append: /signup/small 
*INFO* -->links_to_follow.append: /signup/medium 
*INFO* -->links_to_follow.append: /signup/free?org_plan=bronze 
*INFO* -->links_to_follow.append: /signup/free?org_plan=silver 
*INFO* -->links_to_follow.append: /signup/free?org_plan=gold 
*INFO* -->links_to_follow.append: /signup/free?org_plan=platinum 
*INFO* -->links_to_follow.append: /contact 
*INFO* -->link_to_follow.delete: /plans 
*INFO* -->link_to_follow.length: [11]
*INFO* -->visited_links.length: [2] 
*INFO* -->error_list.length: [0] 
*WARN* error_list:
[]


*INFO* ------------------->> NEXT <<-------------------
*INFO* >>opening: [http://github.com/features] 

send: 'GET /features HTTP/1.1\r\nAccept-Encoding: identity\r\nHost: github.com\r\nCookie: logged_in=no\r\nConnection: close\r\nUser-Agent: Mozilla/4.0\r\n\r\n'
reply: 'HTTP/1.1 301 Moved Permanently\r\n'
header: Server: GitHub.com
header: Date: Thu, 31 Jan 2013 12:38:54 GMT
header: Content-Type: text/html
header: Content-Length: 178
header: Connection: close
header: Location: https://github.com/features
send: 'GET /features HTTP/1.1\r\nAccept-Encoding: identity\r\nHost: github.com\r\nCookie: logged_in=no; _gh_sess=BAh7BzoQX2NzcmZfdG9rZW4iMW1uT3BCOVlrK3ZXWUtVb0xvM3FmRW5vSTZGcEo5QUp5RDVtaFVWTk12cWs9Og9zZXNzaW9uX2lkIiVlYzA5MWViODZmODE0ZWJjMDI3OTBhZDBlNGVjNWRiOA%3D%3D--c1fda2d11602dfc4f5f266376520560eb9a83940\r\nConnection: close\r\nUser-Agent: Mozilla/4.0\r\n\r\n'
reply: 'HTTP/1.1 301 Moved Permanently\r\n'
header: Server: GitHub.com
header: Date: Thu, 31 Jan 2013 12:38:54 GMT
header: Content-Type: text/html; charset=utf-8
header: Connection: close
header: Status: 301 Moved Permanently
header: Set-Cookie: logged_in=no; domain=.github.com; path=/; expires=Mon, 31-Jan-2033 12:38:54 GMT
header: Set-Cookie: _gh_sess=BAh7BzoPc2Vzc2lvbl9pZCIlZWMwOTFlYjg2ZjgxNGViYzAyNzkwYWQwZTRlYzVkYjg6EF9jc3JmX3Rva2VuIjFtbk9wQjlZayt2V1lLVW9MbzNxZkVub0k2RnBKOUFKeUQ1bWhVVk5NdnFrPQ%3D%3D--a051dadb5b2c99622b16db81b51f6212155183cd; path=/; expires=Sun, 01-Jan-2023 00:00:00 GMT; secure; HttpOnly
header: Strict-Transport-Security: max-age=2592000
header: X-Frame-Options: deny
header: Location: https://github.com/features/projects
header: Cache-Control: no-cache
header: Content-Length: 102
header: X-Runtime: 3
send: 'GET /features/projects HTTP/1.1\r\nAccept-Encoding: identity\r\nHost: github.com\r\nCookie: logged_in=no; _gh_sess=BAh7BzoPc2Vzc2lvbl9pZCIlZWMwOTFlYjg2ZjgxNGViYzAyNzkwYWQwZTRlYzVkYjg6EF9jc3JmX3Rva2VuIjFtbk9wQjlZayt2V1lLVW9MbzNxZkVub0k2RnBKOUFKeUQ1bWhVVk5NdnFrPQ%3D%3D--a051dadb5b2c99622b16db81b51f6212155183cd\r\nConnection: close\r\nUser-Agent: Mozilla/4.0\r\n\r\n'
reply: 'HTTP/1.1 200 OK\r\n'
header: Server: GitHub.com
header: Date: Thu, 31 Jan 2013 12:38:55 GMT
header: Content-Type: text/html; charset=utf-8
header: Connection: close
header: Status: 200 OK
header: Strict-Transport-Security: max-age=2592000
header: Content-Length: 28552
header: ETag: "beeee4559267cf90080dc3a1b7537d77"
header: X-Runtime: 22
header: Set-Cookie: logged_in=no; domain=.github.com; path=/; expires=Mon, 31-Jan-2033 12:38:55 GMT
header: Set-Cookie: _gh_sess=BAh7BzoQX2NzcmZfdG9rZW4iMW1uT3BCOVlrK3ZXWUtVb0xvM3FmRW5vSTZGcEo5QUp5RDVtaFVWTk12cWs9Og9zZXNzaW9uX2lkIiVlYzA5MWViODZmODE0ZWJjMDI3OTBhZDBlNGVjNWRiOA%3D%3D--c1fda2d11602dfc4f5f266376520560eb9a83940; path=/; expires=Sun, 01-Jan-2023 00:00:00 GMT; secure; HttpOnly
header: X-Frame-Options: deny
header: Cache-Control: private, max-age=0, must-revalidate
*INFO* -->checking [http://github.com/features] for errors... [page length: 28552] 
*INFO* no errors noticed

*INFO* >>scraping...
*INFO* -->links_to_follow.append: /features/projects 
*INFO* -->links_to_follow.append: /features/hosting 
*INFO* -->links_to_follow.append: /features/community 
*INFO* -->links_to_follow.append: /features/projects/collaboration 
*INFO* -->links_to_follow.append: /features/projects/wikis 
*INFO* -->links_to_follow.append: /features/projects/issues 
*INFO* -->links_to_follow.append: /features/projects/codereview 
*WARN* -->skipping: /plans 
*INFO* -->link_to_follow.delete: http://github.com/features 
*INFO* -->link_to_follow.length: [17]
*INFO* -->visited_links.length: [3] 
*INFO* -->error_list.length: [0] 
*WARN* error_list:
[]


*INFO* ------------------->> NEXT <<-------------------
*INFO* >>opening: [http://github.com/explore] 

send: 'GET /explore HTTP/1.1\r\nAccept-Encoding: identity\r\nHost: github.com\r\nCookie: logged_in=no\r\nConnection: close\r\nUser-Agent: Mozilla/4.0\r\n\r\n'
reply: 'HTTP/1.1 301 Moved Permanently\r\n'
header: Server: GitHub.com
header: Date: Thu, 31 Jan 2013 12:38:56 GMT
header: Content-Type: text/html
header: Content-Length: 178
header: Connection: close
header: Location: https://github.com/explore
send: 'GET /explore HTTP/1.1\r\nAccept-Encoding: identity\r\nHost: github.com\r\nCookie: logged_in=no; _gh_sess=BAh7BzoQX2NzcmZfdG9rZW4iMW1uT3BCOVlrK3ZXWUtVb0xvM3FmRW5vSTZGcEo5QUp5RDVtaFVWTk12cWs9Og9zZXNzaW9uX2lkIiVlYzA5MWViODZmODE0ZWJjMDI3OTBhZDBlNGVjNWRiOA%3D%3D--c1fda2d11602dfc4f5f266376520560eb9a83940\r\nConnection: close\r\nUser-Agent: Mozilla/4.0\r\n\r\n'
reply: 'HTTP/1.1 200 OK\r\n'
header: Server: GitHub.com
header: Date: Thu, 31 Jan 2013 12:38:57 GMT
header: Content-Type: text/html; charset=utf-8
header: Connection: close
header: Status: 200 OK
header: Content-Length: 20182
header: Set-Cookie: logged_in=no; domain=.github.com; path=/; expires=Mon, 31-Jan-2033 12:38:56 GMT
header: Set-Cookie: _gh_sess=BAh7BzoQX2NzcmZfdG9rZW4iMW1uT3BCOVlrK3ZXWUtVb0xvM3FmRW5vSTZGcEo5QUp5RDVtaFVWTk12cWs9Og9zZXNzaW9uX2lkIiVlYzA5MWViODZmODE0ZWJjMDI3OTBhZDBlNGVjNWRiOA%3D%3D--c1fda2d11602dfc4f5f266376520560eb9a83940; path=/; expires=Sun, 01-Jan-2023 00:00:00 GMT; secure; HttpOnly
header: X-Runtime: 178
header: X-Frame-Options: deny
header: Strict-Transport-Security: max-age=2592000
header: ETag: "f356df07b1be480590c5cc33b303dd39"
header: Cache-Control: private, max-age=0, must-revalidate
*INFO* -->checking [http://github.com/explore] for errors... [page length: 20182] 
*INFO* no errors noticed

*INFO* >>scraping...
*INFO* -->links_to_follow.append: /explore 
*INFO* -->links_to_follow.append: /repositories 
*INFO* -->links_to_follow.append: /languages 
*INFO* -->links_to_follow.append: /timeline 
*INFO* -->links_to_follow.append: /explore/week 
*INFO* -->links_to_follow.append: /explore/month 
*INFO* -->links_to_follow.append: /goldfire/howler.js/stargazers 
*INFO* -->links_to_follow.append: /goldfire/howler.js/network 
*INFO* -->links_to_follow.append: /goldfire 
*INFO* -->links_to_follow.append: /goldfire/howler.js 
*INFO* -->links_to_follow.append: /josdejong/jsoneditoronline/stargazers 
*INFO* -->links_to_follow.append: /josdejong/jsoneditoronline/network 
*INFO* -->links_to_follow.append: /josdejong 
*INFO* -->links_to_follow.append: /josdejong/jsoneditoronline 
*INFO* -->links_to_follow.append: /paulkinzett/toolbar/stargazers 
*INFO* -->links_to_follow.append: /paulkinzett/toolbar/network 
*INFO* -->links_to_follow.append: /paulkinzett 
*INFO* -->links_to_follow.append: /paulkinzett/toolbar 
*INFO* -->links_to_follow.append: /gotosleep/JASidePanels/stargazers 
*INFO* -->links_to_follow.append: /gotosleep/JASidePanels/network 
*INFO* -->links_to_follow.append: /gotosleep 
*INFO* -->links_to_follow.append: /gotosleep/JASidePanels 
*INFO* -->links_to_follow.append: /twitter/bootstrap/stargazers 
*INFO* -->links_to_follow.append: /twitter/bootstrap/network 
*INFO* -->links_to_follow.append: /twitter 
*INFO* -->links_to_follow.append: /twitter/bootstrap 
*INFO* -->links_to_follow.append: /joyent/node/stargazers 
*INFO* -->links_to_follow.append: /joyent/node/network 
*INFO* -->links_to_follow.append: /joyent 
*INFO* -->links_to_follow.append: /joyent/node 
*INFO* -->links_to_follow.append: /jquery/jquery/stargazers 
*INFO* -->links_to_follow.append: /jquery/jquery/network 
*INFO* -->links_to_follow.append: /jquery 
*INFO* -->links_to_follow.append: /jquery/jquery 
*INFO* -->links_to_follow.append: /h5bp/html5-boilerplate/stargazers 
*INFO* -->links_to_follow.append: /h5bp/html5-boilerplate/network 
*INFO* -->links_to_follow.append: /h5bp 
*INFO* -->links_to_follow.append: /h5bp/html5-boilerplate 
*INFO* -->links_to_follow.append: /rails/rails/stargazers 
*INFO* -->links_to_follow.append: /rails/rails/network 
*INFO* -->links_to_follow.append: /rails 
*INFO* -->links_to_follow.append: /rails/rails 
*INFO* -->links_to_follow.append: /adamstac 
*INFO* -->links_to_follow.append: /pengwynn 
*WARN* -->skipping: /plans 
*INFO* -->link_to_follow.delete: http://github.com/explore 
*INFO* -->link_to_follow.length: [60]
*INFO* -->visited_links.length: [4] 
*INFO* -->error_list.length: [0] 
*WARN* error_list:
[]


*INFO* ------------------->> NEXT <<-------------------
*INFO* >>opening: [/signup/free] 

send: 'GET /signup/free HTTP/1.1\r\nAccept-Encoding: identity\r\nHost: github.com\r\nCookie: logged_in=no; _gh_sess=BAh7BzoQX2NzcmZfdG9rZW4iMW1uT3BCOVlrK3ZXWUtVb0xvM3FmRW5vSTZGcEo5QUp5RDVtaFVWTk12cWs9Og9zZXNzaW9uX2lkIiVlYzA5MWViODZmODE0ZWJjMDI3OTBhZDBlNGVjNWRiOA%3D%3D--c1fda2d11602dfc4f5f266376520560eb9a83940\r\nConnection: close\r\nUser-Agent: Mozilla/4.0\r\n\r\n'
reply: 'HTTP/1.1 200 OK\r\n'
header: Server: GitHub.com
header: Date: Thu, 31 Jan 2013 12:38:57 GMT
header: Content-Type: text/html; charset=utf-8
header: Connection: close
header: Status: 200 OK
header: X-Runtime: 14
header: Content-Length: 11281
header: Set-Cookie: logged_in=no; domain=.github.com; path=/; expires=Mon, 31-Jan-2033 12:38:57 GMT
header: Set-Cookie: _gh_sess=BAh7BzoPc2Vzc2lvbl9pZCIlZWMwOTFlYjg2ZjgxNGViYzAyNzkwYWQwZTRlYzVkYjg6EF9jc3JmX3Rva2VuIjFtbk9wQjlZayt2V1lLVW9MbzNxZkVub0k2RnBKOUFKeUQ1bWhVVk5NdnFrPQ%3D%3D--a051dadb5b2c99622b16db81b51f6212155183cd; path=/; expires=Sun, 01-Jan-2023 00:00:00 GMT; secure; HttpOnly
header: X-Frame-Options: deny
header: Strict-Transport-Security: max-age=2592000
header: Cache-Control: private, max-age=0, must-revalidate
header: ETag: "4af692e2e6082b30078b6f41e33c5ab8"
*INFO* -->checking [/signup/free] for errors... [page length: 11281] 
*INFO* no errors noticed

*INFO* >>scraping...
*INFO* -->links_to_follow.append: /login 
*WARN* -->skipping: /plans 
*WARN* -->skipping: /plans 
*INFO* -->link_to_follow.delete: /signup/free 
*INFO* -->link_to_follow.length: [60]
*INFO* -->visited_links.length: [5] 
*INFO* -->error_list.length: [0] 
*WARN* error_list:
[]


*INFO* ------------------->> NEXT <<-------------------
*INFO* >>opening: [/signup/micro] 

send: 'GET /signup/micro HTTP/1.1\r\nAccept-Encoding: identity\r\nHost: github.com\r\nCookie: logged_in=no; _gh_sess=BAh7BzoPc2Vzc2lvbl9pZCIlZWMwOTFlYjg2ZjgxNGViYzAyNzkwYWQwZTRlYzVkYjg6EF9jc3JmX3Rva2VuIjFtbk9wQjlZayt2V1lLVW9MbzNxZkVub0k2RnBKOUFKeUQ1bWhVVk5NdnFrPQ%3D%3D--a051dadb5b2c99622b16db81b51f6212155183cd\r\nConnection: close\r\nUser-Agent: Mozilla/4.0\r\n\r\n'
reply: 'HTTP/1.1 200 OK\r\n'
header: Server: GitHub.com
header: Date: Thu, 31 Jan 2013 12:38:58 GMT
header: Content-Type: text/html; charset=utf-8
header: Connection: close
header: Status: 200 OK
header: Content-Length: 13465
header: X-Runtime: 17
header: ETag: "5eb476e56625fd3ce0f4c84d3537657e"
header: Set-Cookie: logged_in=no; domain=.github.com; path=/; expires=Mon, 31-Jan-2033 12:38:58 GMT
header: Set-Cookie: _gh_sess=BAh7BzoQX2NzcmZfdG9rZW4iMW1uT3BCOVlrK3ZXWUtVb0xvM3FmRW5vSTZGcEo5QUp5RDVtaFVWTk12cWs9Og9zZXNzaW9uX2lkIiVlYzA5MWViODZmODE0ZWJjMDI3OTBhZDBlNGVjNWRiOA%3D%3D--c1fda2d11602dfc4f5f266376520560eb9a83940; path=/; expires=Sun, 01-Jan-2023 00:00:00 GMT; secure; HttpOnly
header: Cache-Control: private, max-age=0, must-revalidate
header: X-Frame-Options: deny
header: Strict-Transport-Security: max-age=2592000
*INFO* -->checking [/signup/micro] for errors... [page length: 13465] 
*INFO* no errors noticed

*INFO* >>scraping...
*WARN* -->skipping: /plans 
*WARN* -->skipping: /plans 
*INFO* -->link_to_follow.delete: /signup/micro 
*INFO* -->link_to_follow.length: [59]
*INFO* -->visited_links.length: [6] 
*INFO* -->error_list.length: [0] 
*WARN* error_list:
[]


*INFO* ------------------->> NEXT <<-------------------
*INFO* >>opening: [/signup/small] 

send: 'GET /signup/small HTTP/1.1\r\nAccept-Encoding: identity\r\nHost: github.com\r\nCookie: logged_in=no; _gh_sess=BAh7BzoQX2NzcmZfdG9rZW4iMW1uT3BCOVlrK3ZXWUtVb0xvM3FmRW5vSTZGcEo5QUp5RDVtaFVWTk12cWs9Og9zZXNzaW9uX2lkIiVlYzA5MWViODZmODE0ZWJjMDI3OTBhZDBlNGVjNWRiOA%3D%3D--c1fda2d11602dfc4f5f266376520560eb9a83940\r\nConnection: close\r\nUser-Agent: Mozilla/4.0\r\n\r\n'
reply: 'HTTP/1.1 200 OK\r\n'
header: Server: GitHub.com
header: Date: Thu, 31 Jan 2013 12:38:59 GMT
header: Content-Type: text/html; charset=utf-8
header: Connection: close
header: Status: 200 OK
header: Set-Cookie: logged_in=no; domain=.github.com; path=/; expires=Mon, 31-Jan-2033 12:38:59 GMT
header: Set-Cookie: _gh_sess=BAh7BzoPc2Vzc2lvbl9pZCIlZWMwOTFlYjg2ZjgxNGViYzAyNzkwYWQwZTRlYzVkYjg6EF9jc3JmX3Rva2VuIjFtbk9wQjlZayt2V1lLVW9MbzNxZkVub0k2RnBKOUFKeUQ1bWhVVk5NdnFrPQ%3D%3D--a051dadb5b2c99622b16db81b51f6212155183cd; path=/; expires=Sun, 01-Jan-2023 00:00:00 GMT; secure; HttpOnly
header: ETag: "de87a9c8ff58a8c46d42aaeda5e444a5"
header: Strict-Transport-Security: max-age=2592000
header: X-Frame-Options: deny
header: Cache-Control: private, max-age=0, must-revalidate
header: Content-Length: 13469
header: X-Runtime: 19
*INFO* -->checking [/signup/small] for errors... [page length: 13469] 
*INFO* no errors noticed

*INFO* >>scraping...
*WARN* -->skipping: /plans 
*WARN* -->skipping: /plans 
*INFO* -->link_to_follow.delete: /signup/small 
*INFO* -->link_to_follow.length: [58]
*INFO* -->visited_links.length: [7] 
*INFO* -->error_list.length: [0] 
*WARN* error_list:
[]


*INFO* ------------------->> NEXT <<-------------------
*INFO* >>opening: [/signup/medium] 

send: 'GET /signup/medium HTTP/1.1\r\nAccept-Encoding: identity\r\nHost: github.com\r\nCookie: logged_in=no; _gh_sess=BAh7BzoPc2Vzc2lvbl9pZCIlZWMwOTFlYjg2ZjgxNGViYzAyNzkwYWQwZTRlYzVkYjg6EF9jc3JmX3Rva2VuIjFtbk9wQjlZayt2V1lLVW9MbzNxZkVub0k2RnBKOUFKeUQ1bWhVVk5NdnFrPQ%3D%3D--a051dadb5b2c99622b16db81b51f6212155183cd\r\nConnection: close\r\nUser-Agent: Mozilla/4.0\r\n\r\n'
reply: 'HTTP/1.1 200 OK\r\n'
header: Server: GitHub.com
header: Date: Thu, 31 Jan 2013 12:39:00 GMT
header: Content-Type: text/html; charset=utf-8
header: Connection: close
header: Status: 200 OK
header: Content-Length: 13471
header: X-Runtime: 17
header: ETag: "9b5b2a89cd1cb49dc04571b5c52b8cab"
header: Set-Cookie: logged_in=no; domain=.github.com; path=/; expires=Mon, 31-Jan-2033 12:39:00 GMT
header: Set-Cookie: _gh_sess=BAh7BzoQX2NzcmZfdG9rZW4iMW1uT3BCOVlrK3ZXWUtVb0xvM3FmRW5vSTZGcEo5QUp5RDVtaFVWTk12cWs9Og9zZXNzaW9uX2lkIiVlYzA5MWViODZmODE0ZWJjMDI3OTBhZDBlNGVjNWRiOA%3D%3D--c1fda2d11602dfc4f5f266376520560eb9a83940; path=/; expires=Sun, 01-Jan-2023 00:00:00 GMT; secure; HttpOnly
header: Cache-Control: private, max-age=0, must-revalidate
header: X-Frame-Options: deny
header: Strict-Transport-Security: max-age=2592000
*INFO* -->checking [/signup/medium] for errors... [page length: 13471] 
*INFO* no errors noticed

*INFO* >>scraping...
*WARN* -->skipping: /plans 
*WARN* -->skipping: /plans 
*INFO* -->link_to_follow.delete: /signup/medium 
*INFO* -->link_to_follow.length: [57]
*INFO* -->visited_links.length: [8] 
*INFO*

*WARN* Stopped by user!
