cadam21@yahoo.com
adamsrib@ktis.net
dpc31351@yahoo.com
albs56@aol.com
lee73120@aol.com
rlalphonse@sault.com
PMACLJA@aol.com
alfranbensam@charter.net
rbinhood0063@aol.com
asku3@verizon.net
alicearnie@aol.com
bevdnewsome@yahoo.com
kbaker4640@aol.com
donbarnes@aol.com
Rogbaron@aol.com
gramanina@aol.com
Billbasnett@cox.net
julesb728@yahoo.com
Rbattiat@comcast.net
jimbauer@castles.com
mtbecks@optimum.net
edsuebecker451@wowway.com
JB285@AOL.com
donbenchoff@comcast.net
vpb67@bex.net
wbensel@infoave.net
bensops5177@comcast.net
myrtle710@aol.com
IRCLOVER@worldnet.att.net
jb710@zoominternet.net
joespalace@msn.com
cb06199@gmail.com
bireschj@verizon.net
marybiresch@yahoo.com
dbish67933@aol.com
rbish7@aol.com
GBitsoli@cox.net
BOARD617@ATT.NET
GREAT MOMAD@AOL.COM
kebrooks@snet.net
bill@keithtv.com
philliac@aol.com
bobbugert@aol.com
bbullens@charter.net
eburket1@cox.net
moosefan35@yahoo.com
srburr@comcast.net
FISHONTHESANDIPEARL@prodigy.net
jc852@aol.com
riccarah@aol.com
bcarmichael1@charter.net
SQAWBETTY@AOL.COM
Jadasie@Juno.com
Daddy Cakes1@aol.com
james9398@verizon.net
flburton@earthlink.net
bnbcasey57@gmail.com
sgt.rock@embarqmail.com
schadwick62@veriton.net
wchandler098@comcast.net
chrisbev1724@att.net
gcirish@sbcglobal.net
nynex01@verizon.net
Golfer735@aol.com
leroy.cobb@kvnet.org
jaccole@deloitte.com
THKK@aol.com
peterconforti@yahoo.com
djc47@sbcglobal.net
frconsidine@gmail.com
lcook55@internet49.com
georgecope@hotmail.com
lincolnman9811554@yahoo.com
clintchc@aol.com
joelbcovington@gmail.com
joycecoy@aol.com
jjesse337@aol.com
slick2791@yahoo.com
lindacrossfield1@gmail.com
fremar410@charter.com
CRUTCH44@EARTHLINK.NET
64mustang@ameritech.net
pzcummins@comcast.net
PCUNY@zoominternet.net
PJC999@VERIZON.NET
Philpc1@aol.com
DADaurelio@neo.rr.com
vdyne@att.net
jdaley3018@comcast.net
jdaniel999@aol.com
davedavies1961@msn.com
vcdavis@intrex.net
tbdavis24@comcast.net
DeBerryR6@aol.com
anthonydepas@att.net
dad8@comcast.net
DEACON710@gmail.com
PWDEAL@earthlink.NET
jdeigan@erols.com
DennFrdd@AOL.COM
Joebjdent@aol.com
Shotgunk32@hotmail.com
dews327@yahoo.com
DiLullo@prodigy.net
Yamahababy31@aol.com
racer15@bellsouth.net
UFFDA81@verizon.net
raebrevol@yahoo.com
jdonaubauer@sbcglobal.net
sgtdsd@hotmail.com
KC0FIU@SBCGLOBAL.NET
leodougherty@earthlink.net
jdowlingneptune@aol.com
ldrake002@cinci.rr.com
wwwduceadd@aol.com
BDRUHAN@MSN.COM
madrad13@verizon.net
Mrbeard1@aol.com
calterry@metrocast.net
edelrick0@verizon.net
rymron@fairpoint.net
garyelwood45@hotmail.com
dolores.emmons@yahoo.com
hepp85@yahoo.com
margieericksen@gmail.com
SHERJAN@JUNO.COM
Pyno@juno.com
evans.w.r@att.net
WBRUCEEVANS@BELLSOUTH.NET
rfarrell 1 @maine.rr.com
haroldef@flash.net
jerryandleanna@yahoo.com
GFFAY13@GMAIL.COM
ferencsik@msn.com
svferguson@optonline.net
troy_fisher2000@yahoo.com
gene@elfdock.com
moosefan35@yahoo.com
rflynn-cv9@juno.com
bigguy@penn.com
thomiv@iowatelecom.net
paulct1951@earthlink.net
franknsandy@juno.com
vwictr@aol.com
raymond.garceau@att.net
ynotsetag@verizon.net
ervingaylard@hotmail.com
delgearing@wavmax.com
dgenier@insightbb.com
jgeorg@cox.net
Edwin.Ghigliotty@faa.gov
DMGFLG@AOL.COM
giffinja@aol.com
jgonq@aol.com
lmumford3@comcast.net
sonya18795@aol.com
pdgoebel@fairpoint.net
spwineguy@aol.com
AAG@HCI.NET
magokay@hotmail.com
burton530@verizon.net
ron@rivcom.net
boogeyman79@hotmail.com
DonGran338@webtv.net
CAPT BOPPS@firstva.com
carlbgrimmett@comcast.net
wrmrgr2@sbcglobal.net
SteveG8466@aol.com
lg@shapirosher.com
cecil@cecilgunter.com
Jerrygutschow1@gmail.com
wb0ytj@juno.com
osure23@optimum.net
rbh1948@i-55.com
dickhanley17@cox.net
arlie@mywesleycommons.org
ltjgnavy@gmail.com
bjhdd710@cox.net
jack_who@sbcglobal.net
TRHemail@aol.com
hartlej5354@gmail.com
fh7118@yahoo.com
brwn3006@bellsouth.net
HMHAVERS@CS.COM
cardinal1771@comcast.net
bill.heine@snet.net
don17fes@frontiernet.net
jhendricks@greenlynk.com
rhendricks21@comcast.net
CAMEO ANT@aol.com
fajmh@verizon.net
donbell1934@verizon.net
furlough45@comcast.net
hinz77@msn.com
larryandkip@echoes.net
jdhoeschen@charter.net
trmhogan@comcast.net
haroldholl@comcast.net
halhollingsworth@aol.com
lenholmberg@msn.com
ochoners47@verizon.net
Happyhoppers@aol.com
cowman9898@aol.com
wa3pft@aol.com
JSHowie@mediaone.net
hubbard333@hotmail.com
HWHUCK@AOL.COM
clarence@tds.net
fredh6@frontier.com
ssab44@yahoo.com
lfbbfw@ntelos.net
hhumphre@dreamscape.com
stan20293@hotmail.com
need4speed60@earthlink.net
rlirei@peoplepc.com
johnnyi50@aol.com
33rockyknob@gmail.com
djar4@hotmail.com
ajefferis@san.rr.com
tommyjohns@cox.net
wjdmjohns1@cox.net
sjohns55@tampabay.rr.com
william.t.jones@usps.gov
GJONES5935@gmail.COM
johnjumper@msn.com
yosailor@aol.com
RKARCHER@MSN.COM
btb92473@excite.com
jrk540@q.com
shipwreckkelly@gmail.com
jmkenney6053@msn.com
JAKE7079@hotmail.com
wllkmbll@aol.com
debrickkinder@aol.com
kingsfromsc@webtv.net
RKirsch9649@hotmail.com
c2itnext@yahoo.com
compasslaka@peoplepc.com
michael.koenig@liu.edu
vicbfour@sbcglobal.net
tjhs63@verizon.net
vkraft15@comcast.net
larrykraska710@yahoo.com
Edward.Kubisek@HP.com
darrell.kuhlmann@yahoo.com
jadeyounglee@yahoo.com
dramaqueenmom118@aol.com
glnlarson@gmail.com
las@comcast.net
ravenquille@earthlink.net
jimL4j@yahoo.com
SPATSESQ@aol.com
maxwell62@verizon.net
LES710@verizon.net
chief12046@yahoo.com
chucklewis@embarqmail.com
nebbobl@hotmail.com
swabisch@hotmail.com
dd710@bellsouth.net
marilyn-lockwood@sbcglobal.net
Lifeisspice13@aol.com
chuckmaddock@msn.com
jmaloney14@cfl.rr.com
dalenjude@gmail.com
cmaltese@lavabit.com
tmanos@concursive.com
Bossadagang2@msn.com
mamkrm@att.net
TKMartin@Unforgettable.com
RAYMART1@OPTONLINE.NET
reuben5165@yahoo.com
hrmasnik@gmail.com
mttngly05@aol.com
mattingly4447@windstream.net
RFMAYNE@comcast.net
mustang714@peoplepc.com
gobucks@pa.net
mazzeoo@sbcglobal.net
Barraccus@aol.com
edmccabe@midohio.net
mikemccaffree@gmail.com
MRKMRKMCD@AOL.COM
nancymc51@aol.com
MceVoy-M@subway.com
wsmcfadden@comcast.net
richardmckenna@att.net
Leosroar7@comcast.net
NUCLEARBT@AOL.COM
jomarmckeown@yahoo.com
bdmcswain@cox.net
mapmeilak@charter.net
MSMEISLIN@ADELPHIA.NET
GMELT46@AOL.COM
fladevfund@aol.com
mikemyles1@comcast.net
ghmoehle@aol.com
MONTGJA@aol.com
mo4549@hotmail.com
Njmarie831@aol.com
eleamorgan@verizon.net
morganjnc@seii.net
karenmount@yahoo.com
Mikey9147@aol.com
gmulligan4@aol.com
csmikm@gmail.com
joan.murphy@trincoll.edu
murray2031@sbcglobal.net
ld.naone@verizon.net
rmnusn77@roadrunner.com
stephan.newhouse@morganstanley.com
harrytherese@aol.com
nicholaswa@prodigy.net
WmNichols3@comcast.net
vthrall@frontiernet.net
BUCROSPAR3@AOL.COM
oharabs@gmail.com
kmoh13@msn.com
rvo@processlabel.com
detdan@optonline.net
oakessteve@hotmail.com
doppenheim@mtginc.com
orrjf@wowway.com
ostermeyer@verizon.net
richoverton@verizon.net
nypacks@adelphia.net
hildale2@sbcglobal.net
Pataska@adelphia.net
APatton@eprod.com
MPaup@prodigy.net
jimpeiffersr@gmail.com
Bocoman@aol.com
WAYPER@zoominternet.net
lennypessin@yahoo.com
lmpcnp@comcast.net
ellienpete66@aol.com
petersen1928@charter.net
stevep@psu.edu
carlp232@gmail.com
PetreikisJ@aol.com
babiecakes@wildblue.net
bill.pillow@yahoo.com
DTPISSOS@AOL.COM
james pitts@tampabay.rr.com
Eagle12051@aol.com
DalePotter@ATT.NET
jcp@mountainmax.net
tgrip1@sisna.com
pandjprice1@embarqmail.com
WPRINCE1@AOL.COM
mprocelli@msn.com
donprov@optonline.net
lowdog@twlakes.net
pamela.putinas@att.net
mathderral@yahoo.com
KRALS2915@sbcglobal.NET
neat@ameritech.net
ricster@fast.net
JOEMREILLY@YAHOO.COM
BerLinermutti@comcast.net
steven.p.rice@worldnet.att.net
MRICH@GATE.NET
Krr267mama@aol.com
rife@springnet.com
RHR53@optonline.net
lizzardlad@gmail.com
suddenimpulse126@aol.com
rom529@socal.rr.com
rustyrat@fairpoint.net
Rovinelli Peter@sbcglobal.net
druggles1120@mscoinc.com
budlin@ellijay.com
yankeefan122@aol.com
jscanl2318@bellsouth.net
techgun2003@yahoo.com
schmidt41f@aol.com
lshongar@gmail.com
DMVendingRepair@aol.com
dlsears@optonline.net
west.highland@verizon.net
jsereno@verizon.net
edshea@sageauthoring.com
paulshep@ev1.net
elsheridan@gmail.com
R_SHILLINGTON@YAHOO.COM
jimshomaker@rcsgroup.com
simpsonjoe@comcast.net
sklors@hotmail.com
sloughm@okinawa.usmc-mccs.org
jljjslo@klink.net
Bracymarion@aol.com
o551@yahoo.com
fwsmith7@verizon.net
smithp-b@cox.net
andacat61@gmail.com
smith4486@sbcglobal.net
John_Smith@prodigy.net
RPSmith116@aol.com
humbirds@embarqmail.com
bhsnipes2@webtv.net
tsnyder@mindspring.com
chiefsailor@msn.com
Prosale@aol.com
patandcarl9@comcast.net
betseyblair@att.net
cathrinebs@sbcglobal.net
Rjksteele@aol.com
RES330@aol.com
HAL@ARM-TEK.COM
franks53@suddenlink.net
jhstcktn@cs.com
rlstoecker@earthlink.net
RLSSTONE@sbcglobal.net
DACHIEFNE@cox.net
mdcjeep@aol.com
frost103710@msn.com
swoyerld@verizon.net
SJSYLVESTER1@adelphia.net
itano@webtv.net
LP902@aol.com
josjtek@gmail.com
jthibadeau@gmail.com
thibeaultfc@earthlink.net
dthomas017@centurytel.net
RodnThomps@aol.com
whthrashersha@bellsouth.net
augietom@yahoo.com
janneep@mailstation.com
etbswsc@hotmail.com
mhr@shelpsresort.com
tomtemplar62@comcast.net
neilsdeals231@cs.com
DUKEWAL@AOL.COM
mv1313@yahoo.com
mike@gremic.com
SNDPIPR710@aol.com
lvause@charter.net
lsvidoli@verizon.net
volzins@mchsi.com
jimbob815@juno.com
rvose@netway.com
timhwade@knology.net
jmwallace54@comcast.net
HWallsJOAN@aol.com
kenwarner@worldnet.att.net
washburn.arthur3@gmail.com
HEELTOETOE@VERIZON.NET
davidwatkins@hillsboro.net
ronwaxon@msn.com
kwebster003@tampabay.rr.com
weedeater710@aol.com
Trailblazer710@aol.com
jamesw3300@aol.com
apollo18@wedtv.net
cwieds@aol.com
wilkw30@aol.com
wgwilkerson1@earthlink.net
shodig@dmv.com
hjimwilson@aol.com
mertcwilson@yahoo.com
hermanwing@msn.com
rjwemail@aol.com
goodwr3@pa.net
rondo@adelphia.net
WWWJAW@aol.com
debyoung@pobox.com
hyoung10@comcast.net
jameszang555@hotmail.com
gzarbano@dcwisp.net
thezawackis5@aol.com
claychickyz@aol.com
BruceMaggie@aol.com
